<?xml version="1.0" encoding="UTF-8"?>
<testng-results ignored="0" total="1" passed="1" failed="0" skipped="0">
  <reporter-output>
  </reporter-output>
  <suite started-at="2020-05-14T21:55:53Z" name="Default suite" finished-at="2020-05-14T21:56:05Z" duration-ms="11675">
    <groups>
    </groups>
    <test started-at="2020-05-14T21:55:53Z" name="Default test" finished-at="2020-05-14T21:56:05Z" duration-ms="11675">
      <class name="demo.Test1">
        <test-method is-config="true" signature="setUp()[pri:0, instance:demo.Test1@7c83dc97]" started-at="2020-05-14T21:55:53Z" name="setUp" finished-at="2020-05-14T21:56:00Z" duration-ms="7251" status="PASS">
          <reporter-output>
          </reporter-output>
        </test-method> <!-- setUp -->
        <test-method signature="testOrangeHRM()[pri:0, instance:demo.Test1@7c83dc97]" started-at="2020-05-14T21:56:00Z" name="testOrangeHRM" finished-at="2020-05-14T21:56:04Z" duration-ms="3650" status="PASS">
          <reporter-output>
          </reporter-output>
        </test-method> <!-- testOrangeHRM -->
        <test-method is-config="true" signature="tearDown()[pri:0, instance:demo.Test1@7c83dc97]" started-at="2020-05-14T21:56:04Z" name="tearDown" finished-at="2020-05-14T21:56:05Z" duration-ms="749" status="PASS">
          <reporter-output>
          </reporter-output>
        </test-method> <!-- tearDown -->
      </class> <!-- demo.Test1 -->
    </test> <!-- Default test -->
  </suite> <!-- Default suite -->
</testng-results>
